Arguments: 
  /usr/local/Cellar/node/14.10.1/bin/node /usr/local/Cellar/yarn/1.22.5/libexec/bin/yarn.js install

PATH: 
  /usr/local/bin:/usr/local/sbin:/bin:/Users/adanchenkov/bin:/usr/local/opt/ruby/bin:/usr/local/opt/bison/bin:/usr/local/opt/libxml2/bin:/usr/local/opt/sqlite/bin:/usr/local/opt/apr/bin:/usr/local/opt/libarchive/bin:/usr/local/opt/openldap/bin:/usr/local/opt/openldap/sbin:/usr/bin:/usr/sbin:/bin:/sbin:

Yarn version: 
  1.22.5

Node version: 
  14.10.1

Platform: 
  darwin x64

Trace: 
  Error: self signed certificate in certificate chain
      at TLSSocket.onConnectSecure (_tls_wrap.js:1497:34)
      at TLSSocket.emit (events.js:314:20)
      at TLSSocket._finishInit (_tls_wrap.js:932:8)
      at TLSWrap.ssl.onhandshakedone (_tls_wrap.js:706:12)

npm manifest: 
  {
    "name": "exercism-javascript",
    "version": "1.1.0",
    "description": "Exercism exercises in Javascript.",
    "author": "Katrina Owen",
    "private": true,
    "repository": "https://github.com/exercism/javascript",
    "devDependencies": {
      "@babel/cli": "^7.8.4",
      "@babel/core": "^7.9.6",
      "@babel/plugin-syntax-bigint": "^7.8.3",
      "@babel/preset-env": "^7.9.6",
      "@types/jest": "^25.2.1",
      "@types/node": "^13.13.4",
      "babel-eslint": "^10.1.0",
      "babel-jest": "^25.5.1",
      "eslint": "^6.8.0",
      "eslint-plugin-import": "^2.20.2",
      "jest": "^25.5.4"
    },
    "jest": {
      "modulePathIgnorePatterns": [
        "package.json"
      ]
    },
    "scripts": {
      "test": "jest --no-cache ./*",
      "watch": "jest --no-cache --watch ./*",
      "lint": "eslint .",
      "lint-test": "eslint . && jest --no-cache ./* "
    },
    "license": "MIT",
    "dependencies": {},
    "main": "index.js"
  }

yarn manifest: 
  No manifest

Lockfile: 
  No lockfile
